<?xml version="1.0" encoding="UTF-8"?>
<testng-results ignored="0" total="1" passed="1" failed="0" skipped="0">
  <reporter-output>
  </reporter-output>
  <suite started-at="2022-03-07T17:54:45 IST" name="Suite" finished-at="2022-03-07T17:54:45 IST" duration-ms="158">
    <groups>
    </groups>
    <test started-at="2022-03-07T17:54:45 IST" name="Test" finished-at="2022-03-07T17:54:45 IST" duration-ms="158">
      <class name="demosone.mavensecondproject.Demo">
        <test-method signature="hellow()[pri:0, instance:demosone.mavensecondproject.Demo@5119fb47]" started-at="2022-03-07T17:54:45 IST" name="hellow" finished-at="2022-03-07T17:54:45 IST" duration-ms="34" status="PASS">
          <reporter-output>
          </reporter-output>
        </test-method> <!-- hellow -->
      </class> <!-- demosone.mavensecondproject.Demo -->
    </test> <!-- Test -->
  </suite> <!-- Suite -->
</testng-results>
